import _frozen_importlib # frozen
import _imp # builtin
import '_thread' # <class '_frozen_importlib.BuiltinImporter'>
import '_warnings' # <class '_frozen_importlib.BuiltinImporter'>
import '_weakref' # <class '_frozen_importlib.BuiltinImporter'>
import '_io' # <class '_frozen_importlib.BuiltinImporter'>
import 'marshal' # <class '_frozen_importlib.BuiltinImporter'>
import 'nt' # <class '_frozen_importlib.BuiltinImporter'>
import 'winreg' # <class '_frozen_importlib.BuiltinImporter'>
import '_frozen_importlib_external' # <class '_frozen_importlib.FrozenImporter'>
# installing zipimport hook
import 'time' # <class '_frozen_importlib.BuiltinImporter'>
import 'zipimport' # <class '_frozen_importlib.FrozenImporter'>
# installed zipimport hook
import 'faulthandler' # <class '_frozen_importlib.BuiltinImporter'>
# C:\Users\lion\AppData\Local\Programs\Python\Python310\lib\encodings\__pycache__\__init__.cpython-310.pyc matches C:\Users\lion\AppData\Local\Programs\Python\Python310\lib\encodings\__init__.py
# code object from 'C:\\Users\\lion\\AppData\\Local\\Programs\\Python\\Python310\\lib\\encodings\\__pycache__\\__init__.cpython-310.pyc'
# C:\Users\lion\AppData\Local\Programs\Python\Python310\lib\__pycache__\codecs.cpython-310.pyc matches C:\Users\lion\AppData\Local\Programs\Python\Python310\lib\codecs.py
# code object from 'C:\\Users\\lion\\AppData\\Local\\Programs\\Python\\Python310\\lib\\__pycache__\\codecs.cpython-310.pyc'
import '_codecs' # <class '_frozen_importlib.BuiltinImporter'>
import 'codecs' # <_frozen_importlib_external.SourceFileLoader object at 0x000002D1317B6990>
# C:\Users\lion\AppData\Local\Programs\Python\Python310\lib\encodings\__pycache__\aliases.cpython-310.pyc matches C:\Users\lion\AppData\Local\Programs\Python\Python310\lib\encodings\aliases.py
# code object from 'C:\\Users\\lion\\AppData\\Local\\Programs\\Python\\Python310\\lib\\encodings\\__pycache__\\aliases.cpython-310.pyc'
import 'encodings.aliases' # <_frozen_importlib_external.SourceFileLoader object at 0x000002D1317CBCA0>
import 'encodings' # <_frozen_importlib_external.SourceFileLoader object at 0x000002D1317B5950>
# C:\Users\lion\AppData\Local\Programs\Python\Python310\lib\encodings\__pycache__\utf_8.cpython-310.pyc matches C:\Users\lion\AppData\Local\Programs\Python\Python310\lib\encodings\utf_8.py
# code object from 'C:\\Users\\lion\\AppData\\Local\\Programs\\Python\\Python310\\lib\\encodings\\__pycache__\\utf_8.cpython-310.pyc'
import 'encodings.utf_8' # <_frozen_importlib_external.SourceFileLoader object at 0x000002D1317EBFC0>
# C:\Users\lion\AppData\Local\Programs\Python\Python310\lib\encodings\__pycache__\cp949.cpython-310.pyc matches C:\Users\lion\AppData\Local\Programs\Python\Python310\lib\encodings\cp949.py
# code object from 'C:\\Users\\lion\\AppData\\Local\\Programs\\Python\\Python310\\lib\\encodings\\__pycache__\\cp949.cpython-310.pyc'
import '_codecs_kr' # <class '_frozen_importlib.BuiltinImporter'>
import '_multibytecodec' # <class '_frozen_importlib.BuiltinImporter'>
import 'encodings.cp949' # <_frozen_importlib_external.SourceFileLoader object at 0x000002D1317F05F0>
import '_signal' # <class '_frozen_importlib.BuiltinImporter'>
# C:\Users\lion\AppData\Local\Programs\Python\Python310\lib\__pycache__\io.cpython-310.pyc matches C:\Users\lion\AppData\Local\Programs\Python\Python310\lib\io.py
# code object from 'C:\\Users\\lion\\AppData\\Local\\Programs\\Python\\Python310\\lib\\__pycache__\\io.cpython-310.pyc'
# C:\Users\lion\AppData\Local\Programs\Python\Python310\lib\__pycache__\abc.cpython-310.pyc matches C:\Users\lion\AppData\Local\Programs\Python\Python310\lib\abc.py
# code object from 'C:\\Users\\lion\\AppData\\Local\\Programs\\Python\\Python310\\lib\\__pycache__\\abc.cpython-310.pyc'
import '_abc' # <class '_frozen_importlib.BuiltinImporter'>
import 'abc' # <_frozen_importlib_external.SourceFileLoader object at 0x000002D1317F1770>
import 'io' # <_frozen_importlib_external.SourceFileLoader object at 0x000002D1317F12C0>
# C:\Users\lion\AppData\Local\Programs\Python\Python310\lib\__pycache__\warnings.cpython-310.pyc matches C:\Users\lion\AppData\Local\Programs\Python\Python310\lib\warnings.py
# code object from 'C:\\Users\\lion\\AppData\\Local\\Programs\\Python\\Python310\\lib\\__pycache__\\warnings.cpython-310.pyc'
import 'warnings' # <_frozen_importlib_external.SourceFileLoader object at 0x000002D1317F2AD0>
# C:\Users\lion\AppData\Local\Programs\Python\Python310\lib\__pycache__\site.cpython-310.pyc matches C:\Users\lion\AppData\Local\Programs\Python\Python310\lib\site.py
# code object from 'C:\\Users\\lion\\AppData\\Local\\Programs\\Python\\Python310\\lib\\__pycache__\\site.cpython-310.pyc'
# C:\Users\lion\AppData\Local\Programs\Python\Python310\lib\__pycache__\os.cpython-310.pyc matches C:\Users\lion\AppData\Local\Programs\Python\Python310\lib\os.py
# code object from 'C:\\Users\\lion\\AppData\\Local\\Programs\\Python\\Python310\\lib\\__pycache__\\os.cpython-310.pyc'
# C:\Users\lion\AppData\Local\Programs\Python\Python310\lib\__pycache__\stat.cpython-310.pyc matches C:\Users\lion\AppData\Local\Programs\Python\Python310\lib\stat.py
# code object from 'C:\\Users\\lion\\AppData\\Local\\Programs\\Python\\Python310\\lib\\__pycache__\\stat.cpython-310.pyc'
import '_stat' # <class '_frozen_importlib.BuiltinImporter'>
import 'stat' # <_frozen_importlib_external.SourceFileLoader object at 0x000002D131822940>
# C:\Users\lion\AppData\Local\Programs\Python\Python310\lib\__pycache__\_collections_abc.cpython-310.pyc matches C:\Users\lion\AppData\Local\Programs\Python\Python310\lib\_collections_abc.py
# code object from 'C:\\Users\\lion\\AppData\\Local\\Programs\\Python\\Python310\\lib\\__pycache__\\_collections_abc.cpython-310.pyc'
import '_collections_abc' # <_frozen_importlib_external.SourceFileLoader object at 0x000002D1317F0870>
# C:\Users\lion\AppData\Local\Programs\Python\Python310\lib\__pycache__\ntpath.cpython-310.pyc matches C:\Users\lion\AppData\Local\Programs\Python\Python310\lib\ntpath.py
# code object from 'C:\\Users\\lion\\AppData\\Local\\Programs\\Python\\Python310\\lib\\__pycache__\\ntpath.cpython-310.pyc'
# C:\Users\lion\AppData\Local\Programs\Python\Python310\lib\__pycache__\genericpath.cpython-310.pyc matches C:\Users\lion\AppData\Local\Programs\Python\Python310\lib\genericpath.py
# code object from 'C:\\Users\\lion\\AppData\\Local\\Programs\\Python\\Python310\\lib\\__pycache__\\genericpath.cpython-310.pyc'
import 'genericpath' # <_frozen_importlib_external.SourceFileLoader object at 0x000002D131846C10>
import '_winapi' # <class '_frozen_importlib.BuiltinImporter'>
import 'ntpath' # <_frozen_importlib_external.SourceFileLoader object at 0x000002D131830D70>
import 'os' # <_frozen_importlib_external.SourceFileLoader object at 0x000002D13180E580>
# C:\Users\lion\AppData\Local\Programs\Python\Python310\lib\__pycache__\_sitebuiltins.cpython-310.pyc matches C:\Users\lion\AppData\Local\Programs\Python\Python310\lib\_sitebuiltins.py
# code object from 'C:\\Users\\lion\\AppData\\Local\\Programs\\Python\\Python310\\lib\\__pycache__\\_sitebuiltins.cpython-310.pyc'
import '_sitebuiltins' # <_frozen_importlib_external.SourceFileLoader object at 0x000002D13180EC60>
Processing global site-packages
Adding directory: 'C:\\Users\\lion\\python3.10\\lab_test\\venv'
Adding directory: 'C:\\Users\\lion\\python3.10\\lab_test\\venv\\lib\\site-packages'
Processing .pth file: 'C:\\Users\\lion\\python3.10\\lab_test\\venv\\lib\\site-packages\\distutils-precedence.pth'
# C:\Users\lion\python3.10\lab_test\venv\lib\site-packages\_distutils_hack\__pycache__\__init__.cpython-310.pyc matches C:\Users\lion\python3.10\lab_test\venv\lib\site-packages\_distutils_hack\__init__.py
# code object from 'C:\\Users\\lion\\python3.10\\lab_test\\venv\\lib\\site-packages\\_distutils_hack\\__pycache__\\__init__.cpython-310.pyc'
import '_distutils_hack' # <_frozen_importlib_external.SourceFileLoader object at 0x000002D131875450>
Processing user site-packages
Processing global site-packages
Adding directory: 'C:\\Users\\lion\\python3.10\\lab_test\\venv'
Adding directory: 'C:\\Users\\lion\\python3.10\\lab_test\\venv\\lib\\site-packages'
Processing .pth file: 'C:\\Users\\lion\\python3.10\\lab_test\\venv\\lib\\site-packages\\distutils-precedence.pth'
import 'site' # <_frozen_importlib_external.SourceFileLoader object at 0x000002D1317F36B0>
Python 3.10.11 (tags/v3.10.11:7d4cc5a, Apr  5 2023, 00:38:17) [MSC v.1929 64 bit (AMD64)] on win32
Type "help", "copyright", "credits" or "license" for more information.
C:\Users\lion\AppData\Local\Programs\Python\Python310\python.exe: can't open file 'C:\\Users\\lion\\python3.10\\lab_test\\mvp\\azure-ai-mvp\\backend\\rag_pipeline\\backend\\rag_pipeline\\test_qa.py': [Errno 2] No such file or directory
# clear builtins._
# clear sys.path
# clear sys.argv
# clear sys.ps1
# clear sys.ps2
# clear sys.last_type
# clear sys.last_value
# clear sys.last_traceback
# clear sys.path_hooks
# clear sys.path_importer_cache
# clear sys.meta_path
# clear sys.__interactivehook__
# restore sys.stdin
# restore sys.stdout
# restore sys.stderr
# cleanup[2] removing sys
# cleanup[2] removing builtins
# cleanup[2] removing _frozen_importlib
# cleanup[2] removing _imp
# cleanup[2] removing _thread
# cleanup[2] removing _warnings
# cleanup[2] removing _weakref
# cleanup[2] removing _io
# cleanup[2] removing marshal
# cleanup[2] removing nt
# cleanup[2] removing winreg
# cleanup[2] removing _frozen_importlib_external
# cleanup[2] removing time
# cleanup[2] removing zipimport
# destroy zipimport
# cleanup[2] removing faulthandler
# cleanup[2] removing _codecs
# cleanup[2] removing codecs
# cleanup[2] removing encodings.aliases
# cleanup[2] removing encodings
# destroy encodings
# cleanup[2] removing encodings.utf_8
# cleanup[2] removing _codecs_kr
# cleanup[2] removing _multibytecodec
# cleanup[2] removing encodings.cp949
# cleanup[2] removing _signal
# cleanup[2] removing _abc
# cleanup[2] removing abc
# cleanup[2] removing io
# cleanup[2] removing __main__
# destroy __main__
# cleanup[2] removing warnings
# destroy warnings
# cleanup[2] removing _stat
# cleanup[2] removing stat
# cleanup[2] removing _collections_abc
# destroy _collections_abc
# cleanup[2] removing genericpath
# cleanup[2] removing _winapi
# cleanup[2] removing ntpath
# cleanup[2] removing os.path
# cleanup[2] removing os
# cleanup[2] removing _sitebuiltins
# cleanup[2] removing _distutils_hack
# destroy _distutils_hack
# cleanup[2] removing site
# destroy site
# destroy faulthandler
# destroy _signal
# destroy _sitebuiltins
# destroy io
# cleanup[3] wiping os
# destroy abc
# destroy ntpath
# cleanup[3] wiping _winapi
# cleanup[3] wiping genericpath
# cleanup[3] wiping stat
# cleanup[3] wiping _stat
# destroy _stat
# cleanup[3] wiping _abc
# cleanup[3] wiping encodings.cp949
# cleanup[3] wiping _multibytecodec
# cleanup[3] wiping _codecs_kr
# destroy _codecs_kr
# cleanup[3] wiping encodings.utf_8
# cleanup[3] wiping encodings.aliases
# cleanup[3] wiping codecs
# cleanup[3] wiping _codecs
# cleanup[3] wiping time
# cleanup[3] wiping _frozen_importlib_external
# cleanup[3] wiping winreg
# cleanup[3] wiping nt
# cleanup[3] wiping marshal
# cleanup[3] wiping _io
# cleanup[3] wiping _weakref
# cleanup[3] wiping _warnings
# cleanup[3] wiping _thread
# cleanup[3] wiping _imp
# cleanup[3] wiping _frozen_importlib
# destroy _weakref
# cleanup[3] wiping sys
# cleanup[3] wiping builtins
# destroy winreg
# destroy _thread
# destroy _frozen_importlib_external
# destroy _imp
# destroy io
# destroy marshal
# destroy time
# destroy _warnings
# destroy os
# destroy stat
# destroy genericpath
# destroy nt
# destroy _abc
# destroy _winapi
# destroy _frozen_importlib
# destroy codecs
# destroy sys
# destroy encodings.aliases
# destroy encodings.utf_8
# destroy encodings.cp949
# destroy _codecs
# destroy builtins
# destroy _multibytecodec
# clear sys.audit hooks
